{
  "C:\\Users\\vrgrk\\OneDrive\\Desktop\\movie-application-master\\movie-application-master\\movie-api\\src\\app.js": {
    "path": "C:\\Users\\vrgrk\\OneDrive\\Desktop\\movie-application-master\\movie-application-master\\movie-api\\src\\app.js",
    "statementMap": {
      "0": {
        "start": { "line": 27, "column": 16 },
        "end": { "line": 27, "column": 34 }
      },
      "1": {
        "start": { "line": 28, "column": 0 },
        "end": { "line": 28, "column": 32 }
      },
      "2": {
        "start": { "line": 29, "column": 15 },
        "end": { "line": 29, "column": 41 }
      },
      "3": {
        "start": { "line": 30, "column": 14 },
        "end": { "line": 30, "column": 45 }
      },
      "4": {
        "start": { "line": 31, "column": 17 },
        "end": { "line": 31, "column": 49 }
      },
      "5": {
        "start": { "line": 32, "column": 21 },
        "end": { "line": 32, "column": 50 }
      },
      "6": {
        "start": { "line": 33, "column": 19 },
        "end": { "line": 33, "column": 48 }
      },
      "7": {
        "start": { "line": 34, "column": 20 },
        "end": { "line": 34, "column": 58 }
      },
      "8": {
        "start": { "line": 35, "column": 11 },
        "end": { "line": 35, "column": 26 }
      },
      "9": {
        "start": { "line": 36, "column": 18 },
        "end": { "line": 36, "column": 47 }
      },
      "10": {
        "start": { "line": 37, "column": 21 },
        "end": { "line": 37, "column": 52 }
      },
      "11": {
        "start": { "line": 39, "column": 12 },
        "end": { "line": 39, "column": 21 }
      },
      "12": {
        "start": { "line": 41, "column": 0 },
        "end": { "line": 41, "column": 24 }
      },
      "13": {
        "start": { "line": 42, "column": 0 },
        "end": { "line": 42, "column": 49 }
      },
      "14": {
        "start": { "line": 44, "column": 0 },
        "end": { "line": 44, "column": 16 }
      },
      "15": {
        "start": { "line": 45, "column": 0 },
        "end": { "line": 45, "column": 25 }
      },
      "16": {
        "start": { "line": 47, "column": 0 },
        "end": { "line": 50, "column": 3 }
      },
      "17": {
        "start": { "line": 48, "column": 2 },
        "end": { "line": 48, "column": 29 }
      },
      "18": {
        "start": { "line": 49, "column": 2 },
        "end": { "line": 49, "column": 38 }
      },
      "19": {
        "start": { "line": 52, "column": 0 },
        "end": { "line": 52, "column": 69 }
      },
      "20": {
        "start": { "line": 55, "column": 0 },
        "end": { "line": 55, "column": 36 }
      },
      "21": {
        "start": { "line": 57, "column": 0 },
        "end": { "line": 57, "column": 45 }
      },
      "22": {
        "start": { "line": 59, "column": 0 },
        "end": { "line": 59, "column": 18 }
      },
      "23": {
        "start": { "line": 60, "column": 0 },
        "end": { "line": 60, "column": 22 }
      },
      "24": {
        "start": { "line": 62, "column": 0 },
        "end": { "line": 62, "column": 21 }
      }
    },
    "fnMap": {
      "0": {
        "name": "(anonymous_0)",
        "decl": {
          "start": { "line": 47, "column": 13 },
          "end": { "line": 47, "column": 14 }
        },
        "loc": {
          "start": { "line": 47, "column": 27 },
          "end": { "line": 50, "column": 1 }
        },
        "line": 47
      }
    },
    "branchMap": {},
    "s": {
      "0": 1,
      "1": 1,
      "2": 1,
      "3": 1,
      "4": 1,
      "5": 1,
      "6": 1,
      "7": 1,
      "8": 1,
      "9": 1,
      "10": 1,
      "11": 1,
      "12": 1,
      "13": 1,
      "14": 1,
      "15": 1,
      "16": 1,
      "17": 1,
      "18": 1,
      "19": 1,
      "20": 1,
      "21": 1,
      "22": 1,
      "23": 1,
      "24": 1
    },
    "f": { "0": 1 },
    "b": {},
    "_coverageSchema": "1a1c01bbd47fc00a2c39e90264f33305004495a9",
    "hash": "47fca47cb91a350f52ba6fd4dbc9de32307d8d4d"
  },
  "C:\\Users\\vrgrk\\OneDrive\\Desktop\\movie-application-master\\movie-application-master\\movie-api\\src\\config\\config.js": {
    "path": "C:\\Users\\vrgrk\\OneDrive\\Desktop\\movie-application-master\\movie-application-master\\movie-api\\src\\config\\config.js",
    "statementMap": {
      "0": {
        "start": { "line": 8, "column": 15 },
        "end": { "line": 8, "column": 32 }
      },
      "1": {
        "start": { "line": 9, "column": 13 },
        "end": { "line": 9, "column": 28 }
      },
      "2": {
        "start": { "line": 11, "column": 0 },
        "end": { "line": 11, "column": 60 }
      },
      "3": {
        "start": { "line": 13, "column": 15 },
        "end": { "line": 25, "column": 1 }
      },
      "4": {
        "start": { "line": 27, "column": 0 },
        "end": { "line": 27, "column": 24 }
      }
    },
    "fnMap": {},
    "branchMap": {
      "0": {
        "loc": {
          "start": { "line": 14, "column": 8 },
          "end": { "line": 14, "column": 32 }
        },
        "type": "binary-expr",
        "locations": [
          {
            "start": { "line": 14, "column": 8 },
            "end": { "line": 14, "column": 24 }
          },
          {
            "start": { "line": 14, "column": 28 },
            "end": { "line": 14, "column": 32 }
          }
        ],
        "line": 14
      },
      "1": {
        "loc": {
          "start": { "line": 15, "column": 8 },
          "end": { "line": 15, "column": 41 }
        },
        "type": "binary-expr",
        "locations": [
          {
            "start": { "line": 15, "column": 8 },
            "end": { "line": 15, "column": 24 }
          },
          {
            "start": { "line": 15, "column": 28 },
            "end": { "line": 15, "column": 41 }
          }
        ],
        "line": 15
      }
    },
    "s": { "0": 1, "1": 1, "2": 1, "3": 1, "4": 1 },
    "f": {},
    "b": { "0": [1, 0], "1": [1, 0] },
    "_coverageSchema": "1a1c01bbd47fc00a2c39e90264f33305004495a9",
    "hash": "abfa2a1e88360ada4223005951b9899e075bb271"
  },
  "C:\\Users\\vrgrk\\OneDrive\\Desktop\\movie-application-master\\movie-application-master\\movie-api\\src\\controller\\authController.js": {
    "path": "C:\\Users\\vrgrk\\OneDrive\\Desktop\\movie-application-master\\movie-application-master\\movie-api\\src\\controller\\authController.js",
    "statementMap": {
      "0": {
        "start": { "line": 1, "column": 20 },
        "end": { "line": 1, "column": 54 }
      },
      "1": {
        "start": { "line": 2, "column": 17 },
        "end": { "line": 2, "column": 45 }
      },
      "2": {
        "start": { "line": 3, "column": 12 },
        "end": { "line": 3, "column": 35 }
      },
      "3": {
        "start": { "line": 4, "column": 15 },
        "end": { "line": 4, "column": 42 }
      },
      "4": {
        "start": { "line": 6, "column": 28 },
        "end": { "line": 8, "column": 1 }
      },
      "5": {
        "start": { "line": 7, "column": 2 },
        "end": { "line": 7, "column": 70 }
      },
      "6": {
        "start": { "line": 10, "column": 29 },
        "end": { "line": 14, "column": 1 }
      },
      "7": {
        "start": { "line": 11, "column": 2 },
        "end": { "line": 13, "column": 5 }
      },
      "8": {
        "start": { "line": 16, "column": 15 },
        "end": { "line": 37, "column": 1 }
      },
      "9": {
        "start": { "line": 17, "column": 30 },
        "end": { "line": 17, "column": 38 }
      },
      "10": {
        "start": { "line": 18, "column": 2 },
        "end": { "line": 36, "column": 3 }
      },
      "11": {
        "start": { "line": 19, "column": 23 },
        "end": { "line": 19, "column": 63 }
      },
      "12": {
        "start": { "line": 20, "column": 4 },
        "end": { "line": 22, "column": 5 }
      },
      "13": {
        "start": { "line": 21, "column": 6 },
        "end": { "line": 21, "column": 60 }
      },
      "14": {
        "start": { "line": 24, "column": 17 },
        "end": { "line": 24, "column": 66 }
      },
      "15": {
        "start": { "line": 26, "column": 24 },
        "end": { "line": 26, "column": 53 }
      },
      "16": {
        "start": { "line": 27, "column": 25 },
        "end": { "line": 27, "column": 55 }
      },
      "17": {
        "start": { "line": 28, "column": 4 },
        "end": { "line": 33, "column": 7 }
      },
      "18": {
        "start": { "line": 35, "column": 4 },
        "end": { "line": 35, "column": 16 }
      },
      "19": {
        "start": { "line": 39, "column": 15 },
        "end": { "line": 59, "column": 1 }
      },
      "20": {
        "start": { "line": 40, "column": 30 },
        "end": { "line": 40, "column": 38 }
      },
      "21": {
        "start": { "line": 41, "column": 2 },
        "end": { "line": 58, "column": 3 }
      },
      "22": {
        "start": { "line": 42, "column": 17 },
        "end": { "line": 42, "column": 57 }
      },
      "23": {
        "start": { "line": 43, "column": 4 },
        "end": { "line": 45, "column": 5 }
      },
      "24": {
        "start": { "line": 44, "column": 6 },
        "end": { "line": 44, "column": 66 }
      },
      "25": {
        "start": { "line": 47, "column": 24 },
        "end": { "line": 47, "column": 53 }
      },
      "26": {
        "start": { "line": 48, "column": 25 },
        "end": { "line": 48, "column": 55 }
      },
      "27": {
        "start": { "line": 50, "column": 4 },
        "end": { "line": 55, "column": 7 }
      },
      "28": {
        "start": { "line": 57, "column": 4 },
        "end": { "line": 57, "column": 16 }
      },
      "29": {
        "start": { "line": 61, "column": 30 },
        "end": { "line": 78, "column": 1 }
      },
      "30": {
        "start": { "line": 62, "column": 20 },
        "end": { "line": 62, "column": 28 }
      },
      "31": {
        "start": { "line": 63, "column": 2 },
        "end": { "line": 65, "column": 3 }
      },
      "32": {
        "start": { "line": 64, "column": 4 },
        "end": { "line": 64, "column": 64 }
      },
      "33": {
        "start": { "line": 66, "column": 2 },
        "end": { "line": 77, "column": 3 }
      },
      "34": {
        "start": { "line": 67, "column": 20 },
        "end": { "line": 67, "column": 66 }
      },
      "35": {
        "start": { "line": 68, "column": 27 },
        "end": { "line": 68, "column": 62 }
      },
      "36": {
        "start": { "line": 69, "column": 4 },
        "end": { "line": 74, "column": 7 }
      },
      "37": {
        "start": { "line": 76, "column": 4 },
        "end": { "line": 76, "column": 60 }
      },
      "38": {
        "start": { "line": 80, "column": 0 },
        "end": { "line": 80, "column": 59 }
      }
    },
    "fnMap": {
      "0": {
        "name": "(anonymous_0)",
        "decl": {
          "start": { "line": 6, "column": 28 },
          "end": { "line": 6, "column": 29 }
        },
        "loc": {
          "start": { "line": 6, "column": 40 },
          "end": { "line": 8, "column": 1 }
        },
        "line": 6
      },
      "1": {
        "name": "(anonymous_1)",
        "decl": {
          "start": { "line": 10, "column": 29 },
          "end": { "line": 10, "column": 30 }
        },
        "loc": {
          "start": { "line": 10, "column": 41 },
          "end": { "line": 14, "column": 1 }
        },
        "line": 10
      },
      "2": {
        "name": "(anonymous_2)",
        "decl": {
          "start": { "line": 16, "column": 15 },
          "end": { "line": 16, "column": 16 }
        },
        "loc": {
          "start": { "line": 16, "column": 41 },
          "end": { "line": 37, "column": 1 }
        },
        "line": 16
      },
      "3": {
        "name": "(anonymous_3)",
        "decl": {
          "start": { "line": 39, "column": 15 },
          "end": { "line": 39, "column": 16 }
        },
        "loc": {
          "start": { "line": 39, "column": 41 },
          "end": { "line": 59, "column": 1 }
        },
        "line": 39
      },
      "4": {
        "name": "(anonymous_4)",
        "decl": {
          "start": { "line": 61, "column": 30 },
          "end": { "line": 61, "column": 31 }
        },
        "loc": {
          "start": { "line": 61, "column": 56 },
          "end": { "line": 78, "column": 1 }
        },
        "line": 61
      }
    },
    "branchMap": {
      "0": {
        "loc": {
          "start": { "line": 20, "column": 4 },
          "end": { "line": 22, "column": 5 }
        },
        "type": "if",
        "locations": [
          {
            "start": { "line": 20, "column": 4 },
            "end": { "line": 22, "column": 5 }
          },
          { "start": {}, "end": {} }
        ],
        "line": 20
      },
      "1": {
        "loc": {
          "start": { "line": 43, "column": 4 },
          "end": { "line": 45, "column": 5 }
        },
        "type": "if",
        "locations": [
          {
            "start": { "line": 43, "column": 4 },
            "end": { "line": 45, "column": 5 }
          },
          { "start": {}, "end": {} }
        ],
        "line": 43
      },
      "2": {
        "loc": {
          "start": { "line": 43, "column": 8 },
          "end": { "line": 43, "column": 56 }
        },
        "type": "binary-expr",
        "locations": [
          {
            "start": { "line": 43, "column": 8 },
            "end": { "line": 43, "column": 13 }
          },
          {
            "start": { "line": 43, "column": 17 },
            "end": { "line": 43, "column": 56 }
          }
        ],
        "line": 43
      },
      "3": {
        "loc": {
          "start": { "line": 63, "column": 2 },
          "end": { "line": 65, "column": 3 }
        },
        "type": "if",
        "locations": [
          {
            "start": { "line": 63, "column": 2 },
            "end": { "line": 65, "column": 3 }
          },
          { "start": {}, "end": {} }
        ],
        "line": 63
      }
    },
    "s": {
      "0": 1,
      "1": 1,
      "2": 1,
      "3": 1,
      "4": 1,
      "5": 0,
      "6": 1,
      "7": 0,
      "8": 1,
      "9": 0,
      "10": 0,
      "11": 0,
      "12": 0,
      "13": 0,
      "14": 0,
      "15": 0,
      "16": 0,
      "17": 0,
      "18": 0,
      "19": 1,
      "20": 0,
      "21": 0,
      "22": 0,
      "23": 0,
      "24": 0,
      "25": 0,
      "26": 0,
      "27": 0,
      "28": 0,
      "29": 1,
      "30": 0,
      "31": 0,
      "32": 0,
      "33": 0,
      "34": 0,
      "35": 0,
      "36": 0,
      "37": 0,
      "38": 1
    },
    "f": { "0": 0, "1": 0, "2": 0, "3": 0, "4": 0 },
    "b": { "0": [0, 0], "1": [0, 0], "2": [0, 0], "3": [0, 0] },
    "_coverageSchema": "1a1c01bbd47fc00a2c39e90264f33305004495a9",
    "hash": "08ff582f4986c4b1d24b41befa7552714f579e18"
  },
  "C:\\Users\\vrgrk\\OneDrive\\Desktop\\movie-application-master\\movie-application-master\\movie-api\\src\\controller\\moviecontroller.js": {
    "path": "C:\\Users\\vrgrk\\OneDrive\\Desktop\\movie-application-master\\movie-application-master\\movie-api\\src\\controller\\moviecontroller.js",
    "statementMap": {
      "0": {
        "start": { "line": 32, "column": 22 },
        "end": { "line": 32, "column": 57 }
      },
      "1": {
        "start": { "line": 33, "column": 17 },
        "end": { "line": 33, "column": 45 }
      },
      "2": {
        "start": { "line": 34, "column": 12 },
        "end": { "line": 34, "column": 42 }
      },
      "3": {
        "start": { "line": 36, "column": 18 },
        "end": { "line": 44, "column": 1 }
      },
      "4": {
        "start": { "line": 37, "column": 17 },
        "end": { "line": 37, "column": 48 }
      },
      "5": {
        "start": { "line": 38, "column": 2 },
        "end": { "line": 43, "column": 5 }
      },
      "6": {
        "start": { "line": 46, "column": 25 },
        "end": { "line": 59, "column": 1 }
      },
      "7": {
        "start": { "line": 47, "column": 22 },
        "end": { "line": 47, "column": 59 }
      },
      "8": {
        "start": { "line": 48, "column": 2 },
        "end": { "line": 50, "column": 3 }
      },
      "9": {
        "start": { "line": 49, "column": 4 },
        "end": { "line": 49, "column": 60 }
      },
      "10": {
        "start": { "line": 52, "column": 20 },
        "end": { "line": 52, "column": 66 }
      },
      "11": {
        "start": { "line": 53, "column": 2 },
        "end": { "line": 58, "column": 5 }
      },
      "12": {
        "start": { "line": 61, "column": 27 },
        "end": { "line": 99, "column": 1 }
      },
      "13": {
        "start": { "line": 62, "column": 22 },
        "end": { "line": 62, "column": 32 }
      },
      "14": {
        "start": { "line": 65, "column": 21 },
        "end": { "line": 65, "column": 54 }
      },
      "15": {
        "start": { "line": 66, "column": 2 },
        "end": { "line": 87, "column": 3 }
      },
      "16": {
        "start": { "line": 67, "column": 4 },
        "end": { "line": 74, "column": 5 }
      },
      "17": {
        "start": { "line": 68, "column": 6 },
        "end": { "line": 71, "column": 8 }
      },
      "18": {
        "start": { "line": 73, "column": 6 },
        "end": { "line": 73, "column": 79 }
      },
      "19": {
        "start": { "line": 76, "column": 4 },
        "end": { "line": 78, "column": 5 }
      },
      "20": {
        "start": { "line": 77, "column": 6 },
        "end": { "line": 77, "column": 56 }
      },
      "21": {
        "start": { "line": 79, "column": 4 },
        "end": { "line": 84, "column": 7 }
      },
      "22": {
        "start": { "line": 86, "column": 4 },
        "end": { "line": 86, "column": 16 }
      },
      "23": {
        "start": { "line": 101, "column": 24 },
        "end": { "line": 129, "column": 1 }
      },
      "24": {
        "start": { "line": 102, "column": 22 },
        "end": { "line": 102, "column": 32 }
      },
      "25": {
        "start": { "line": 105, "column": 21 },
        "end": { "line": 105, "column": 54 }
      },
      "26": {
        "start": { "line": 107, "column": 2 },
        "end": { "line": 128, "column": 3 }
      },
      "27": {
        "start": { "line": 108, "column": 4 },
        "end": { "line": 112, "column": 5 }
      },
      "28": {
        "start": { "line": 109, "column": 6 },
        "end": { "line": 109, "column": 72 }
      },
      "29": {
        "start": { "line": 111, "column": 6 },
        "end": { "line": 111, "column": 67 }
      },
      "30": {
        "start": { "line": 114, "column": 4 },
        "end": { "line": 116, "column": 5 }
      },
      "31": {
        "start": { "line": 115, "column": 6 },
        "end": { "line": 115, "column": 56 }
      },
      "32": {
        "start": { "line": 119, "column": 6 },
        "end": { "line": 124, "column": 9 }
      },
      "33": {
        "start": { "line": 127, "column": 4 },
        "end": { "line": 127, "column": 16 }
      },
      "34": {
        "start": { "line": 143, "column": 22 },
        "end": { "line": 171, "column": 1 }
      },
      "35": {
        "start": { "line": 144, "column": 22 },
        "end": { "line": 144, "column": 32 }
      },
      "36": {
        "start": { "line": 147, "column": 21 },
        "end": { "line": 147, "column": 54 }
      },
      "37": {
        "start": { "line": 149, "column": 2 },
        "end": { "line": 170, "column": 3 }
      },
      "38": {
        "start": { "line": 150, "column": 4 },
        "end": { "line": 154, "column": 5 }
      },
      "39": {
        "start": { "line": 151, "column": 6 },
        "end": { "line": 151, "column": 63 }
      },
      "40": {
        "start": { "line": 153, "column": 6 },
        "end": { "line": 153, "column": 58 }
      },
      "41": {
        "start": { "line": 156, "column": 4 },
        "end": { "line": 158, "column": 5 }
      },
      "42": {
        "start": { "line": 157, "column": 6 },
        "end": { "line": 157, "column": 56 }
      },
      "43": {
        "start": { "line": 161, "column": 6 },
        "end": { "line": 166, "column": 9 }
      },
      "44": {
        "start": { "line": 169, "column": 4 },
        "end": { "line": 169, "column": 16 }
      },
      "45": {
        "start": { "line": 173, "column": 0 },
        "end": { "line": 179, "column": 2 }
      }
    },
    "fnMap": {
      "0": {
        "name": "(anonymous_0)",
        "decl": {
          "start": { "line": 36, "column": 18 },
          "end": { "line": 36, "column": 19 }
        },
        "loc": {
          "start": { "line": 36, "column": 38 },
          "end": { "line": 44, "column": 1 }
        },
        "line": 36
      },
      "1": {
        "name": "(anonymous_1)",
        "decl": {
          "start": { "line": 46, "column": 25 },
          "end": { "line": 46, "column": 26 }
        },
        "loc": {
          "start": { "line": 46, "column": 50 },
          "end": { "line": 59, "column": 1 }
        },
        "line": 46
      },
      "2": {
        "name": "(anonymous_2)",
        "decl": {
          "start": { "line": 61, "column": 27 },
          "end": { "line": 61, "column": 28 }
        },
        "loc": {
          "start": { "line": 61, "column": 53 },
          "end": { "line": 99, "column": 1 }
        },
        "line": 61
      },
      "3": {
        "name": "(anonymous_3)",
        "decl": {
          "start": { "line": 101, "column": 24 },
          "end": { "line": 101, "column": 25 }
        },
        "loc": {
          "start": { "line": 101, "column": 50 },
          "end": { "line": 129, "column": 1 }
        },
        "line": 101
      },
      "4": {
        "name": "(anonymous_4)",
        "decl": {
          "start": { "line": 143, "column": 22 },
          "end": { "line": 143, "column": 23 }
        },
        "loc": {
          "start": { "line": 143, "column": 48 },
          "end": { "line": 171, "column": 1 }
        },
        "line": 143
      }
    },
    "branchMap": {
      "0": {
        "loc": {
          "start": { "line": 48, "column": 2 },
          "end": { "line": 50, "column": 3 }
        },
        "type": "if",
        "locations": [
          {
            "start": { "line": 48, "column": 2 },
            "end": { "line": 50, "column": 3 }
          },
          { "start": {}, "end": {} }
        ],
        "line": 48
      },
      "1": {
        "loc": {
          "start": { "line": 67, "column": 4 },
          "end": { "line": 74, "column": 5 }
        },
        "type": "if",
        "locations": [
          {
            "start": { "line": 67, "column": 4 },
            "end": { "line": 74, "column": 5 }
          },
          {
            "start": { "line": 72, "column": 11 },
            "end": { "line": 74, "column": 5 }
          }
        ],
        "line": 67
      },
      "2": {
        "loc": {
          "start": { "line": 76, "column": 4 },
          "end": { "line": 78, "column": 5 }
        },
        "type": "if",
        "locations": [
          {
            "start": { "line": 76, "column": 4 },
            "end": { "line": 78, "column": 5 }
          },
          { "start": {}, "end": {} }
        ],
        "line": 76
      },
      "3": {
        "loc": {
          "start": { "line": 108, "column": 4 },
          "end": { "line": 112, "column": 5 }
        },
        "type": "if",
        "locations": [
          {
            "start": { "line": 108, "column": 4 },
            "end": { "line": 112, "column": 5 }
          },
          {
            "start": { "line": 110, "column": 11 },
            "end": { "line": 112, "column": 5 }
          }
        ],
        "line": 108
      },
      "4": {
        "loc": {
          "start": { "line": 114, "column": 4 },
          "end": { "line": 116, "column": 5 }
        },
        "type": "if",
        "locations": [
          {
            "start": { "line": 114, "column": 4 },
            "end": { "line": 116, "column": 5 }
          },
          { "start": {}, "end": {} }
        ],
        "line": 114
      },
      "5": {
        "loc": {
          "start": { "line": 150, "column": 4 },
          "end": { "line": 154, "column": 5 }
        },
        "type": "if",
        "locations": [
          {
            "start": { "line": 150, "column": 4 },
            "end": { "line": 154, "column": 5 }
          },
          {
            "start": { "line": 152, "column": 11 },
            "end": { "line": 154, "column": 5 }
          }
        ],
        "line": 150
      },
      "6": {
        "loc": {
          "start": { "line": 156, "column": 4 },
          "end": { "line": 158, "column": 5 }
        },
        "type": "if",
        "locations": [
          {
            "start": { "line": 156, "column": 4 },
            "end": { "line": 158, "column": 5 }
          },
          { "start": {}, "end": {} }
        ],
        "line": 156
      }
    },
    "s": {
      "0": 1,
      "1": 1,
      "2": 1,
      "3": 1,
      "4": 0,
      "5": 0,
      "6": 1,
      "7": 0,
      "8": 0,
      "9": 0,
      "10": 0,
      "11": 0,
      "12": 1,
      "13": 0,
      "14": 0,
      "15": 0,
      "16": 0,
      "17": 0,
      "18": 0,
      "19": 0,
      "20": 0,
      "21": 0,
      "22": 0,
      "23": 1,
      "24": 0,
      "25": 0,
      "26": 0,
      "27": 0,
      "28": 0,
      "29": 0,
      "30": 0,
      "31": 0,
      "32": 0,
      "33": 0,
      "34": 1,
      "35": 0,
      "36": 0,
      "37": 0,
      "38": 0,
      "39": 0,
      "40": 0,
      "41": 0,
      "42": 0,
      "43": 0,
      "44": 0,
      "45": 1
    },
    "f": { "0": 0, "1": 0, "2": 0, "3": 0, "4": 0 },
    "b": {
      "0": [0, 0],
      "1": [0, 0],
      "2": [0, 0],
      "3": [0, 0],
      "4": [0, 0],
      "5": [0, 0],
      "6": [0, 0]
    },
    "_coverageSchema": "1a1c01bbd47fc00a2c39e90264f33305004495a9",
    "hash": "d66820c52de5838453a7b6db28b74a32b00e923c"
  },
  "C:\\Users\\vrgrk\\OneDrive\\Desktop\\movie-application-master\\movie-application-master\\movie-api\\src\\docs\\swaggeroption.js": {
    "path": "C:\\Users\\vrgrk\\OneDrive\\Desktop\\movie-application-master\\movie-application-master\\movie-api\\src\\docs\\swaggeroption.js",
    "statementMap": {
      "0": {
        "start": { "line": 1, "column": 21 },
        "end": { "line": 1, "column": 45 }
      },
      "1": {
        "start": { "line": 3, "column": 16 },
        "end": { "line": 49, "column": 1 }
      },
      "2": {
        "start": { "line": 51, "column": 14 },
        "end": { "line": 51, "column": 35 }
      },
      "3": {
        "start": { "line": 53, "column": 0 },
        "end": { "line": 53, "column": 23 }
      }
    },
    "fnMap": {},
    "branchMap": {},
    "s": { "0": 1, "1": 1, "2": 1, "3": 1 },
    "f": {},
    "b": {},
    "_coverageSchema": "1a1c01bbd47fc00a2c39e90264f33305004495a9",
    "hash": "2dde823aee3da01392265afd11c15c20e8acf79f"
  },
  "C:\\Users\\vrgrk\\OneDrive\\Desktop\\movie-application-master\\movie-application-master\\movie-api\\src\\middleware\\authMiddleware.js": {
    "path": "C:\\Users\\vrgrk\\OneDrive\\Desktop\\movie-application-master\\movie-application-master\\movie-api\\src\\middleware\\authMiddleware.js",
    "statementMap": {
      "0": {
        "start": { "line": 1, "column": 12 },
        "end": { "line": 1, "column": 35 }
      },
      "1": {
        "start": { "line": 2, "column": 13 },
        "end": { "line": 2, "column": 42 }
      },
      "2": {
        "start": { "line": 3, "column": 15 },
        "end": { "line": 3, "column": 42 }
      },
      "3": {
        "start": { "line": 4, "column": 17 },
        "end": { "line": 4, "column": 45 }
      },
      "4": {
        "start": { "line": 6, "column": 20 },
        "end": { "line": 18, "column": 1 }
      },
      "5": {
        "start": { "line": 7, "column": 16 },
        "end": { "line": 7, "column": 43 }
      },
      "6": {
        "start": { "line": 8, "column": 2 },
        "end": { "line": 10, "column": 3 }
      },
      "7": {
        "start": { "line": 9, "column": 4 },
        "end": { "line": 9, "column": 69 }
      },
      "8": {
        "start": { "line": 11, "column": 2 },
        "end": { "line": 17, "column": 3 }
      },
      "9": {
        "start": { "line": 12, "column": 20 },
        "end": { "line": 12, "column": 70 }
      },
      "10": {
        "start": { "line": 13, "column": 4 },
        "end": { "line": 13, "column": 30 }
      },
      "11": {
        "start": { "line": 14, "column": 4 },
        "end": { "line": 14, "column": 11 }
      },
      "12": {
        "start": { "line": 16, "column": 4 },
        "end": { "line": 16, "column": 57 }
      },
      "13": {
        "start": { "line": 19, "column": 0 },
        "end": { "line": 19, "column": 29 }
      }
    },
    "fnMap": {
      "0": {
        "name": "(anonymous_0)",
        "decl": {
          "start": { "line": 6, "column": 20 },
          "end": { "line": 6, "column": 21 }
        },
        "loc": {
          "start": { "line": 6, "column": 40 },
          "end": { "line": 18, "column": 1 }
        },
        "line": 6
      }
    },
    "branchMap": {
      "0": {
        "loc": {
          "start": { "line": 8, "column": 2 },
          "end": { "line": 10, "column": 3 }
        },
        "type": "if",
        "locations": [
          {
            "start": { "line": 8, "column": 2 },
            "end": { "line": 10, "column": 3 }
          },
          { "start": {}, "end": {} }
        ],
        "line": 8
      }
    },
    "s": {
      "0": 1,
      "1": 1,
      "2": 1,
      "3": 1,
      "4": 1,
      "5": 0,
      "6": 0,
      "7": 0,
      "8": 0,
      "9": 0,
      "10": 0,
      "11": 0,
      "12": 0,
      "13": 1
    },
    "f": { "0": 0 },
    "b": { "0": [0, 0] },
    "_coverageSchema": "1a1c01bbd47fc00a2c39e90264f33305004495a9",
    "hash": "c4a0bb9091038a07ec2fb1a0782f16bcc4ff5e20"
  },
  "C:\\Users\\vrgrk\\OneDrive\\Desktop\\movie-application-master\\movie-application-master\\movie-api\\src\\middleware\\error.js": {
    "path": "C:\\Users\\vrgrk\\OneDrive\\Desktop\\movie-application-master\\movie-application-master\\movie-api\\src\\middleware\\error.js",
    "statementMap": {
      "0": {
        "start": { "line": 3, "column": 21 },
        "end": { "line": 13, "column": 1 }
      },
      "1": {
        "start": { "line": 4, "column": 2 },
        "end": { "line": 4, "column": 47 }
      },
      "2": {
        "start": { "line": 5, "column": 2 },
        "end": { "line": 5, "column": 37 }
      },
      "3": {
        "start": { "line": 6, "column": 2 },
        "end": { "line": 6, "column": 41 }
      },
      "4": {
        "start": { "line": 7, "column": 2 },
        "end": { "line": 12, "column": 5 }
      },
      "5": {
        "start": { "line": 15, "column": 0 },
        "end": { "line": 15, "column": 30 }
      }
    },
    "fnMap": {
      "0": {
        "name": "(anonymous_0)",
        "decl": {
          "start": { "line": 3, "column": 21 },
          "end": { "line": 3, "column": 22 }
        },
        "loc": {
          "start": { "line": 3, "column": 46 },
          "end": { "line": 13, "column": 1 }
        },
        "line": 3
      }
    },
    "branchMap": {
      "0": {
        "loc": {
          "start": { "line": 5, "column": 15 },
          "end": { "line": 5, "column": 36 }
        },
        "type": "binary-expr",
        "locations": [
          {
            "start": { "line": 5, "column": 15 },
            "end": { "line": 5, "column": 25 }
          },
          {
            "start": { "line": 5, "column": 29 },
            "end": { "line": 5, "column": 36 }
          }
        ],
        "line": 5
      },
      "1": {
        "loc": {
          "start": { "line": 6, "column": 19 },
          "end": { "line": 6, "column": 40 }
        },
        "type": "binary-expr",
        "locations": [
          {
            "start": { "line": 6, "column": 19 },
            "end": { "line": 6, "column": 33 }
          },
          {
            "start": { "line": 6, "column": 37 },
            "end": { "line": 6, "column": 40 }
          }
        ],
        "line": 6
      }
    },
    "s": { "0": 1, "1": 0, "2": 0, "3": 0, "4": 0, "5": 1 },
    "f": { "0": 0 },
    "b": { "0": [0, 0], "1": [0, 0] },
    "_coverageSchema": "1a1c01bbd47fc00a2c39e90264f33305004495a9",
    "hash": "4f2b872b767935890c1e95efcad5e16d049ffae4"
  },
  "C:\\Users\\vrgrk\\OneDrive\\Desktop\\movie-application-master\\movie-application-master\\movie-api\\src\\middleware\\notFound.js": {
    "path": "C:\\Users\\vrgrk\\OneDrive\\Desktop\\movie-application-master\\movie-application-master\\movie-api\\src\\middleware\\notFound.js",
    "statementMap": {
      "0": {
        "start": { "line": 1, "column": 17 },
        "end": { "line": 6, "column": 4 }
      },
      "1": {
        "start": { "line": 2, "column": 2 },
        "end": { "line": 6, "column": 4 }
      },
      "2": {
        "start": { "line": 11, "column": 0 },
        "end": { "line": 11, "column": 26 }
      }
    },
    "fnMap": {
      "0": {
        "name": "(anonymous_0)",
        "decl": {
          "start": { "line": 1, "column": 17 },
          "end": { "line": 1, "column": 18 }
        },
        "loc": {
          "start": { "line": 2, "column": 2 },
          "end": { "line": 6, "column": 4 }
        },
        "line": 2
      }
    },
    "branchMap": {},
    "s": { "0": 1, "1": 0, "2": 1 },
    "f": { "0": 0 },
    "b": {},
    "_coverageSchema": "1a1c01bbd47fc00a2c39e90264f33305004495a9",
    "hash": "774600365bb0eaccef225c7739b15735d032d2c0"
  },
  "C:\\Users\\vrgrk\\OneDrive\\Desktop\\movie-application-master\\movie-application-master\\movie-api\\src\\middleware\\reqSchemaValidate.js": {
    "path": "C:\\Users\\vrgrk\\OneDrive\\Desktop\\movie-application-master\\movie-application-master\\movie-api\\src\\middleware\\reqSchemaValidate.js",
    "statementMap": {
      "0": {
        "start": { "line": 1, "column": 17 },
        "end": { "line": 1, "column": 45 }
      },
      "1": {
        "start": { "line": 3, "column": 17 },
        "end": { "line": 21, "column": 1 }
      },
      "2": {
        "start": { "line": 3, "column": 29 },
        "end": { "line": 21, "column": 1 }
      },
      "3": {
        "start": { "line": 4, "column": 20 },
        "end": { "line": 7, "column": 4 }
      },
      "4": {
        "start": { "line": 9, "column": 2 },
        "end": { "line": 16, "column": 3 }
      },
      "5": {
        "start": { "line": 10, "column": 4 },
        "end": { "line": 15, "column": 6 }
      },
      "6": {
        "start": { "line": 12, "column": 38 },
        "end": { "line": 12, "column": 52 }
      },
      "7": {
        "start": { "line": 20, "column": 2 },
        "end": { "line": 20, "column": 9 }
      },
      "8": {
        "start": { "line": 23, "column": 0 },
        "end": { "line": 23, "column": 26 }
      }
    },
    "fnMap": {
      "0": {
        "name": "(anonymous_0)",
        "decl": {
          "start": { "line": 3, "column": 17 },
          "end": { "line": 3, "column": 18 }
        },
        "loc": {
          "start": { "line": 3, "column": 29 },
          "end": { "line": 21, "column": 1 }
        },
        "line": 3
      },
      "1": {
        "name": "(anonymous_1)",
        "decl": {
          "start": { "line": 3, "column": 29 },
          "end": { "line": 3, "column": 30 }
        },
        "loc": {
          "start": { "line": 3, "column": 49 },
          "end": { "line": 21, "column": 1 }
        },
        "line": 3
      },
      "2": {
        "name": "(anonymous_2)",
        "decl": {
          "start": { "line": 12, "column": 26 },
          "end": { "line": 12, "column": 27 }
        },
        "loc": {
          "start": { "line": 12, "column": 38 },
          "end": { "line": 12, "column": 52 }
        },
        "line": 12
      }
    },
    "branchMap": {
      "0": {
        "loc": {
          "start": { "line": 9, "column": 2 },
          "end": { "line": 16, "column": 3 }
        },
        "type": "if",
        "locations": [
          {
            "start": { "line": 9, "column": 2 },
            "end": { "line": 16, "column": 3 }
          },
          { "start": {}, "end": {} }
        ],
        "line": 9
      }
    },
    "s": {
      "0": 1,
      "1": 1,
      "2": 5,
      "3": 0,
      "4": 0,
      "5": 0,
      "6": 0,
      "7": 0,
      "8": 1
    },
    "f": { "0": 5, "1": 0, "2": 0 },
    "b": { "0": [0, 0] },
    "_coverageSchema": "1a1c01bbd47fc00a2c39e90264f33305004495a9",
    "hash": "4e59e6a4ad52fde87cfff1535972cb5e2681f077"
  },
  "C:\\Users\\vrgrk\\OneDrive\\Desktop\\movie-application-master\\movie-application-master\\movie-api\\src\\model\\authModel.js": {
    "path": "C:\\Users\\vrgrk\\OneDrive\\Desktop\\movie-application-master\\movie-application-master\\movie-api\\src\\model\\authModel.js",
    "statementMap": {
      "0": {
        "start": { "line": 1, "column": 17 },
        "end": { "line": 1, "column": 36 }
      },
      "1": {
        "start": { "line": 2, "column": 15 },
        "end": { "line": 2, "column": 34 }
      },
      "2": {
        "start": { "line": 4, "column": 19 },
        "end": { "line": 16, "column": 2 }
      },
      "3": {
        "start": { "line": 18, "column": 0 },
        "end": { "line": 23, "column": 3 }
      },
      "4": {
        "start": { "line": 19, "column": 2 },
        "end": { "line": 19, "column": 50 }
      },
      "5": {
        "start": { "line": 19, "column": 36 },
        "end": { "line": 19, "column": 50 }
      },
      "6": {
        "start": { "line": 20, "column": 15 },
        "end": { "line": 20, "column": 39 }
      },
      "7": {
        "start": { "line": 21, "column": 2 },
        "end": { "line": 21, "column": 57 }
      },
      "8": {
        "start": { "line": 22, "column": 2 },
        "end": { "line": 22, "column": 9 }
      },
      "9": {
        "start": { "line": 25, "column": 0 },
        "end": { "line": 27, "column": 2 }
      },
      "10": {
        "start": { "line": 26, "column": 2 },
        "end": { "line": 26, "column": 55 }
      },
      "11": {
        "start": { "line": 29, "column": 13 },
        "end": { "line": 29, "column": 47 }
      },
      "12": {
        "start": { "line": 30, "column": 0 },
        "end": { "line": 30, "column": 22 }
      }
    },
    "fnMap": {
      "0": {
        "name": "(anonymous_0)",
        "decl": {
          "start": { "line": 18, "column": 23 },
          "end": { "line": 18, "column": 24 }
        },
        "loc": {
          "start": { "line": 18, "column": 45 },
          "end": { "line": 23, "column": 1 }
        },
        "line": 18
      },
      "1": {
        "name": "(anonymous_1)",
        "decl": {
          "start": { "line": 25, "column": 37 },
          "end": { "line": 25, "column": 38 }
        },
        "loc": {
          "start": { "line": 25, "column": 63 },
          "end": { "line": 27, "column": 1 }
        },
        "line": 25
      }
    },
    "branchMap": {
      "0": {
        "loc": {
          "start": { "line": 19, "column": 2 },
          "end": { "line": 19, "column": 50 }
        },
        "type": "if",
        "locations": [
          {
            "start": { "line": 19, "column": 2 },
            "end": { "line": 19, "column": 50 }
          },
          { "start": {}, "end": {} }
        ],
        "line": 19
      }
    },
    "s": {
      "0": 1,
      "1": 1,
      "2": 1,
      "3": 1,
      "4": 0,
      "5": 0,
      "6": 0,
      "7": 0,
      "8": 0,
      "9": 1,
      "10": 0,
      "11": 1,
      "12": 1
    },
    "f": { "0": 0, "1": 0 },
    "b": { "0": [0, 0] },
    "_coverageSchema": "1a1c01bbd47fc00a2c39e90264f33305004495a9",
    "hash": "0da444efb13215978a2cdfb115e2e6bc9f804b26"
  },
  "C:\\Users\\vrgrk\\OneDrive\\Desktop\\movie-application-master\\movie-application-master\\movie-api\\src\\model\\moviemodel.js": {
    "path": "C:\\Users\\vrgrk\\OneDrive\\Desktop\\movie-application-master\\movie-application-master\\movie-api\\src\\model\\moviemodel.js",
    "statementMap": {
      "0": {
        "start": { "line": 1, "column": 17 },
        "end": { "line": 1, "column": 36 }
      },
      "1": {
        "start": { "line": 4, "column": 20 },
        "end": { "line": 21, "column": 2 }
      },
      "2": {
        "start": { "line": 26, "column": 14 },
        "end": { "line": 26, "column": 51 }
      },
      "3": {
        "start": { "line": 28, "column": 0 },
        "end": { "line": 28, "column": 23 }
      }
    },
    "fnMap": {},
    "branchMap": {},
    "s": { "0": 1, "1": 1, "2": 1, "3": 1 },
    "f": {},
    "b": {},
    "_coverageSchema": "1a1c01bbd47fc00a2c39e90264f33305004495a9",
    "hash": "b131b9103ec41a68fb6bf66674e0cde6d625f7f9"
  },
  "C:\\Users\\vrgrk\\OneDrive\\Desktop\\movie-application-master\\movie-application-master\\movie-api\\src\\routes\\authRoute.js": {
    "path": "C:\\Users\\vrgrk\\OneDrive\\Desktop\\movie-application-master\\movie-application-master\\movie-api\\src\\routes\\authRoute.js",
    "statementMap": {
      "0": {
        "start": { "line": 1, "column": 16 },
        "end": { "line": 1, "column": 34 }
      },
      "1": {
        "start": { "line": 2, "column": 15 },
        "end": { "line": 2, "column": 31 }
      },
      "2": {
        "start": { "line": 3, "column": 23 },
        "end": { "line": 3, "column": 62 }
      },
      "3": {
        "start": { "line": 4, "column": 17 },
        "end": { "line": 4, "column": 59 }
      },
      "4": {
        "start": { "line": 5, "column": 39 },
        "end": { "line": 5, "column": 79 }
      },
      "5": {
        "start": { "line": 7, "column": 0 },
        "end": { "line": 7, "column": 76 }
      },
      "6": {
        "start": { "line": 9, "column": 0 },
        "end": { "line": 9, "column": 76 }
      },
      "7": {
        "start": { "line": 11, "column": 0 },
        "end": { "line": 11, "column": 74 }
      },
      "8": {
        "start": { "line": 13, "column": 0 },
        "end": { "line": 13, "column": 24 }
      }
    },
    "fnMap": {},
    "branchMap": {},
    "s": {
      "0": 1,
      "1": 1,
      "2": 1,
      "3": 1,
      "4": 1,
      "5": 1,
      "6": 1,
      "7": 1,
      "8": 1
    },
    "f": {},
    "b": {},
    "_coverageSchema": "1a1c01bbd47fc00a2c39e90264f33305004495a9",
    "hash": "86ab2b551e0ea6786c7e82bbbd937fa8cdcf990c"
  },
  "C:\\Users\\vrgrk\\OneDrive\\Desktop\\movie-application-master\\movie-application-master\\movie-api\\src\\routes\\movierouter.js": {
    "path": "C:\\Users\\vrgrk\\OneDrive\\Desktop\\movie-application-master\\movie-application-master\\movie-api\\src\\routes\\movierouter.js",
    "statementMap": {
      "0": {
        "start": { "line": 1, "column": 16 },
        "end": { "line": 1, "column": 34 }
      },
      "1": {
        "start": { "line": 2, "column": 15 },
        "end": { "line": 2, "column": 31 }
      },
      "2": {
        "start": { "line": 4, "column": 24 },
        "end": { "line": 4, "column": 64 }
      },
      "3": {
        "start": { "line": 6, "column": 17 },
        "end": { "line": 6, "column": 59 }
      },
      "4": {
        "start": { "line": 11, "column": 4 },
        "end": { "line": 11, "column": 44 }
      },
      "5": {
        "start": { "line": 12, "column": 20 },
        "end": { "line": 12, "column": 59 }
      },
      "6": {
        "start": { "line": 14, "column": 0 },
        "end": { "line": 17, "column": 55 }
      },
      "7": {
        "start": { "line": 19, "column": 0 },
        "end": { "line": 31, "column": 4 }
      },
      "8": {
        "start": { "line": 33, "column": 0 },
        "end": { "line": 33, "column": 24 }
      }
    },
    "fnMap": {},
    "branchMap": {},
    "s": {
      "0": 1,
      "1": 1,
      "2": 1,
      "3": 1,
      "4": 1,
      "5": 1,
      "6": 1,
      "7": 1,
      "8": 1
    },
    "f": {},
    "b": {},
    "_coverageSchema": "1a1c01bbd47fc00a2c39e90264f33305004495a9",
    "hash": "32487918710e5e6e732688103a12c1a073026aa2"
  },
  "C:\\Users\\vrgrk\\OneDrive\\Desktop\\movie-application-master\\movie-application-master\\movie-api\\src\\services\\authservice.js": {
    "path": "C:\\Users\\vrgrk\\OneDrive\\Desktop\\movie-application-master\\movie-application-master\\movie-api\\src\\services\\authservice.js",
    "statementMap": {
      "0": {
        "start": { "line": 1, "column": 13 },
        "end": { "line": 1, "column": 42 }
      },
      "1": {
        "start": { "line": 9, "column": 24 },
        "end": { "line": 11, "column": 1 }
      },
      "2": {
        "start": { "line": 10, "column": 2 },
        "end": { "line": 10, "column": 39 }
      },
      "3": {
        "start": { "line": 21, "column": 19 },
        "end": { "line": 24, "column": 1 }
      },
      "4": {
        "start": { "line": 22, "column": 15 },
        "end": { "line": 22, "column": 40 }
      },
      "5": {
        "start": { "line": 23, "column": 2 },
        "end": { "line": 23, "column": 27 }
      },
      "6": {
        "start": { "line": 30, "column": 0 },
        "end": { "line": 30, "column": 49 }
      }
    },
    "fnMap": {
      "0": {
        "name": "(anonymous_0)",
        "decl": {
          "start": { "line": 9, "column": 24 },
          "end": { "line": 9, "column": 25 }
        },
        "loc": {
          "start": { "line": 9, "column": 41 },
          "end": { "line": 11, "column": 1 }
        },
        "line": 9
      },
      "1": {
        "name": "(anonymous_1)",
        "decl": {
          "start": { "line": 21, "column": 19 },
          "end": { "line": 21, "column": 20 }
        },
        "loc": {
          "start": { "line": 21, "column": 46 },
          "end": { "line": 24, "column": 1 }
        },
        "line": 21
      }
    },
    "branchMap": {},
    "s": { "0": 1, "1": 1, "2": 0, "3": 1, "4": 0, "5": 0, "6": 1 },
    "f": { "0": 0, "1": 0 },
    "b": {},
    "_coverageSchema": "1a1c01bbd47fc00a2c39e90264f33305004495a9",
    "hash": "8f0d2fa415fa2d9e0cf10403a709fbfc46a7181b"
  },
  "C:\\Users\\vrgrk\\OneDrive\\Desktop\\movie-application-master\\movie-application-master\\movie-api\\src\\services\\movieservice.js": {
    "path": "C:\\Users\\vrgrk\\OneDrive\\Desktop\\movie-application-master\\movie-application-master\\movie-api\\src\\services\\movieservice.js",
    "statementMap": {
      "0": {
        "start": { "line": 39, "column": 14 },
        "end": { "line": 39, "column": 44 }
      },
      "1": {
        "start": { "line": 46, "column": 18 },
        "end": { "line": 48, "column": 1 }
      },
      "2": {
        "start": { "line": 47, "column": 2 },
        "end": { "line": 47, "column": 30 }
      },
      "3": {
        "start": { "line": 56, "column": 25 },
        "end": { "line": 59, "column": 1 }
      },
      "4": {
        "start": { "line": 57, "column": 19 },
        "end": { "line": 57, "column": 39 }
      },
      "5": {
        "start": { "line": 58, "column": 2 },
        "end": { "line": 58, "column": 31 }
      },
      "6": {
        "start": { "line": 68, "column": 27 },
        "end": { "line": 73, "column": 1 }
      },
      "7": {
        "start": { "line": 69, "column": 2 },
        "end": { "line": 72, "column": 5 }
      },
      "8": {
        "start": { "line": 81, "column": 36 },
        "end": { "line": 86, "column": 1 }
      },
      "9": {
        "start": { "line": 82, "column": 2 },
        "end": { "line": 85, "column": 5 }
      },
      "10": {
        "start": { "line": 93, "column": 29 },
        "end": { "line": 95, "column": 1 }
      },
      "11": {
        "start": { "line": 94, "column": 2 },
        "end": { "line": 94, "column": 56 }
      },
      "12": {
        "start": { "line": 102, "column": 24 },
        "end": { "line": 104, "column": 1 }
      },
      "13": {
        "start": { "line": 103, "column": 2 },
        "end": { "line": 103, "column": 55 }
      },
      "14": {
        "start": { "line": 111, "column": 22 },
        "end": { "line": 113, "column": 1 }
      },
      "15": {
        "start": { "line": 112, "column": 2 },
        "end": { "line": 112, "column": 46 }
      },
      "16": {
        "start": { "line": 120, "column": 27 },
        "end": { "line": 122, "column": 1 }
      },
      "17": {
        "start": { "line": 121, "column": 2 },
        "end": { "line": 121, "column": 47 }
      },
      "18": {
        "start": { "line": 124, "column": 0 },
        "end": { "line": 133, "column": 2 }
      }
    },
    "fnMap": {
      "0": {
        "name": "(anonymous_0)",
        "decl": {
          "start": { "line": 46, "column": 18 },
          "end": { "line": 46, "column": 19 }
        },
        "loc": {
          "start": { "line": 46, "column": 30 },
          "end": { "line": 48, "column": 1 }
        },
        "line": 46
      },
      "1": {
        "name": "(anonymous_1)",
        "decl": {
          "start": { "line": 56, "column": 25 },
          "end": { "line": 56, "column": 26 }
        },
        "loc": {
          "start": { "line": 56, "column": 46 },
          "end": { "line": 59, "column": 1 }
        },
        "line": 56
      },
      "2": {
        "name": "(anonymous_2)",
        "decl": {
          "start": { "line": 68, "column": 27 },
          "end": { "line": 68, "column": 28 }
        },
        "loc": {
          "start": { "line": 68, "column": 57 },
          "end": { "line": 73, "column": 1 }
        },
        "line": 68
      },
      "3": {
        "name": "(anonymous_3)",
        "decl": {
          "start": { "line": 81, "column": 36 },
          "end": { "line": 81, "column": 37 }
        },
        "loc": {
          "start": { "line": 81, "column": 66 },
          "end": { "line": 86, "column": 1 }
        },
        "line": 81
      },
      "4": {
        "name": "(anonymous_4)",
        "decl": {
          "start": { "line": 93, "column": 29 },
          "end": { "line": 93, "column": 30 }
        },
        "loc": {
          "start": { "line": 93, "column": 48 },
          "end": { "line": 95, "column": 1 }
        },
        "line": 93
      },
      "5": {
        "name": "(anonymous_5)",
        "decl": {
          "start": { "line": 102, "column": 24 },
          "end": { "line": 102, "column": 25 }
        },
        "loc": {
          "start": { "line": 102, "column": 43 },
          "end": { "line": 104, "column": 1 }
        },
        "line": 102
      },
      "6": {
        "name": "(anonymous_6)",
        "decl": {
          "start": { "line": 111, "column": 22 },
          "end": { "line": 111, "column": 23 }
        },
        "loc": {
          "start": { "line": 111, "column": 41 },
          "end": { "line": 113, "column": 1 }
        },
        "line": 111
      },
      "7": {
        "name": "(anonymous_7)",
        "decl": {
          "start": { "line": 120, "column": 27 },
          "end": { "line": 120, "column": 28 }
        },
        "loc": {
          "start": { "line": 120, "column": 46 },
          "end": { "line": 122, "column": 1 }
        },
        "line": 120
      }
    },
    "branchMap": {},
    "s": {
      "0": 1,
      "1": 1,
      "2": 0,
      "3": 1,
      "4": 0,
      "5": 0,
      "6": 1,
      "7": 0,
      "8": 1,
      "9": 0,
      "10": 1,
      "11": 0,
      "12": 1,
      "13": 0,
      "14": 1,
      "15": 0,
      "16": 1,
      "17": 0,
      "18": 1
    },
    "f": { "0": 0, "1": 0, "2": 0, "3": 0, "4": 0, "5": 0, "6": 0, "7": 0 },
    "b": {},
    "_coverageSchema": "1a1c01bbd47fc00a2c39e90264f33305004495a9",
    "hash": "29d2998299e36e4fdb871b9da31fb74c3d1bf2fd"
  },
  "C:\\Users\\vrgrk\\OneDrive\\Desktop\\movie-application-master\\movie-application-master\\movie-api\\src\\utils\\appError.js": {
    "path": "C:\\Users\\vrgrk\\OneDrive\\Desktop\\movie-application-master\\movie-application-master\\movie-api\\src\\utils\\appError.js",
    "statementMap": {
      "0": {
        "start": { "line": 3, "column": 4 },
        "end": { "line": 3, "column": 19 }
      },
      "1": {
        "start": { "line": 4, "column": 4 },
        "end": { "line": 4, "column": 69 }
      },
      "2": {
        "start": { "line": 5, "column": 4 },
        "end": { "line": 5, "column": 33 }
      },
      "3": {
        "start": { "line": 6, "column": 4 },
        "end": { "line": 6, "column": 30 }
      },
      "4": {
        "start": { "line": 8, "column": 4 },
        "end": { "line": 8, "column": 52 }
      },
      "5": {
        "start": { "line": 12, "column": 0 },
        "end": { "line": 12, "column": 26 }
      }
    },
    "fnMap": {
      "0": {
        "name": "(anonymous_0)",
        "decl": {
          "start": { "line": 2, "column": 2 },
          "end": { "line": 2, "column": 3 }
        },
        "loc": {
          "start": { "line": 2, "column": 35 },
          "end": { "line": 9, "column": 3 }
        },
        "line": 2
      }
    },
    "branchMap": {
      "0": {
        "loc": {
          "start": { "line": 4, "column": 18 },
          "end": { "line": 4, "column": 68 }
        },
        "type": "cond-expr",
        "locations": [
          {
            "start": { "line": 4, "column": 52 },
            "end": { "line": 4, "column": 58 }
          },
          {
            "start": { "line": 4, "column": 61 },
            "end": { "line": 4, "column": 68 }
          }
        ],
        "line": 4
      }
    },
    "s": { "0": 0, "1": 0, "2": 0, "3": 0, "4": 0, "5": 1 },
    "f": { "0": 0 },
    "b": { "0": [0, 0] },
    "_coverageSchema": "1a1c01bbd47fc00a2c39e90264f33305004495a9",
    "hash": "b25339f33c1b1e79adeeccd4fecff3cd6bbfa67a"
  },
  "C:\\Users\\vrgrk\\OneDrive\\Desktop\\movie-application-master\\movie-application-master\\movie-api\\src\\validations\\authValidation.js": {
    "path": "C:\\Users\\vrgrk\\OneDrive\\Desktop\\movie-application-master\\movie-application-master\\movie-api\\src\\validations\\authValidation.js",
    "statementMap": {
      "0": {
        "start": { "line": 1, "column": 12 },
        "end": { "line": 1, "column": 26 }
      },
      "1": {
        "start": { "line": 3, "column": 21 },
        "end": { "line": 14, "column": 2 }
      },
      "2": {
        "start": { "line": 16, "column": 21 },
        "end": { "line": 26, "column": 2 }
      },
      "3": {
        "start": { "line": 28, "column": 0 },
        "end": { "line": 28, "column": 48 }
      }
    },
    "fnMap": {},
    "branchMap": {},
    "s": { "0": 1, "1": 1, "2": 1, "3": 1 },
    "f": {},
    "b": {},
    "_coverageSchema": "1a1c01bbd47fc00a2c39e90264f33305004495a9",
    "hash": "294fa6d2af1d50f66bc3a89bd2b507b81920942d"
  },
  "C:\\Users\\vrgrk\\OneDrive\\Desktop\\movie-application-master\\movie-application-master\\movie-api\\src\\validations\\customValid.js": {
    "path": "C:\\Users\\vrgrk\\OneDrive\\Desktop\\movie-application-master\\movie-application-master\\movie-api\\src\\validations\\customValid.js",
    "statementMap": {
      "0": {
        "start": { "line": 1, "column": 12 },
        "end": { "line": 1, "column": 26 }
      },
      "1": {
        "start": { "line": 3, "column": 19 },
        "end": { "line": 13, "column": 1 }
      },
      "2": {
        "start": { "line": 4, "column": 21 },
        "end": { "line": 4, "column": 52 }
      },
      "3": {
        "start": { "line": 6, "column": 19 },
        "end": { "line": 6, "column": 38 }
      },
      "4": {
        "start": { "line": 8, "column": 2 },
        "end": { "line": 10, "column": 3 }
      },
      "5": {
        "start": { "line": 9, "column": 4 },
        "end": { "line": 9, "column": 65 }
      },
      "6": {
        "start": { "line": 12, "column": 2 },
        "end": { "line": 12, "column": 15 }
      },
      "7": {
        "start": { "line": 15, "column": 0 },
        "end": { "line": 15, "column": 32 }
      }
    },
    "fnMap": {
      "0": {
        "name": "(anonymous_0)",
        "decl": {
          "start": { "line": 3, "column": 19 },
          "end": { "line": 3, "column": 20 }
        },
        "loc": {
          "start": { "line": 3, "column": 39 },
          "end": { "line": 13, "column": 1 }
        },
        "line": 3
      }
    },
    "branchMap": {
      "0": {
        "loc": {
          "start": { "line": 8, "column": 2 },
          "end": { "line": 10, "column": 3 }
        },
        "type": "if",
        "locations": [
          {
            "start": { "line": 8, "column": 2 },
            "end": { "line": 10, "column": 3 }
          },
          { "start": {}, "end": {} }
        ],
        "line": 8
      },
      "1": {
        "loc": {
          "start": { "line": 8, "column": 6 },
          "end": { "line": 8, "column": 30 }
        },
        "type": "binary-expr",
        "locations": [
          {
            "start": { "line": 8, "column": 6 },
            "end": { "line": 8, "column": 17 }
          },
          {
            "start": { "line": 8, "column": 21 },
            "end": { "line": 8, "column": 30 }
          }
        ],
        "line": 8
      }
    },
    "s": { "0": 1, "1": 1, "2": 0, "3": 0, "4": 0, "5": 0, "6": 0, "7": 1 },
    "f": { "0": 0 },
    "b": { "0": [0, 0], "1": [0, 0] },
    "_coverageSchema": "1a1c01bbd47fc00a2c39e90264f33305004495a9",
    "hash": "c8cd5b64569036236a4ac8dcda486dcd82369dc0"
  },
  "C:\\Users\\vrgrk\\OneDrive\\Desktop\\movie-application-master\\movie-application-master\\movie-api\\src\\validations\\userValidation.js": {
    "path": "C:\\Users\\vrgrk\\OneDrive\\Desktop\\movie-application-master\\movie-application-master\\movie-api\\src\\validations\\userValidation.js",
    "statementMap": {
      "0": {
        "start": { "line": 1, "column": 12 },
        "end": { "line": 1, "column": 26 }
      },
      "1": {
        "start": { "line": 2, "column": 23 },
        "end": { "line": 2, "column": 47 }
      },
      "2": {
        "start": { "line": 4, "column": 26 },
        "end": { "line": 8, "column": 2 }
      },
      "3": {
        "start": { "line": 10, "column": 28 },
        "end": { "line": 20, "column": 2 }
      },
      "4": {
        "start": { "line": 22, "column": 29 },
        "end": { "line": 26, "column": 2 }
      },
      "5": {
        "start": { "line": 38, "column": 0 },
        "end": { "line": 42, "column": 2 }
      }
    },
    "fnMap": {},
    "branchMap": {},
    "s": { "0": 1, "1": 1, "2": 1, "3": 1, "4": 1, "5": 1 },
    "f": {},
    "b": {},
    "_coverageSchema": "1a1c01bbd47fc00a2c39e90264f33305004495a9",
    "hash": "ea6bf842fc06b7f33b419f2972ffe865711cb45e"
  }
}
