TN:
SF:auth-services\src\controller\authController.js
FN:8,(anonymous_0)
FN:12,(anonymous_1)
FN:18,(anonymous_2)
FN:41,(anonymous_3)
FN:63,(anonymous_4)
FN:82,(anonymous_5)
FN:91,(anonymous_6)
FN:102,(anonymous_7)
FN:121,(anonymous_8)
FN:125,(anonymous_9)
FNF:10
FNH:5
FNDA:3,(anonymous_0)
FNDA:2,(anonymous_1)
FNDA:2,(anonymous_2)
FNDA:2,(anonymous_3)
FNDA:2,(anonymous_4)
FNDA:0,(anonymous_5)
FNDA:0,(anonymous_6)
FNDA:0,(anonymous_7)
FNDA:0,(anonymous_8)
FNDA:0,(anonymous_9)
DA:1,1
DA:2,1
DA:3,1
DA:5,1
DA:8,1
DA:9,3
DA:12,1
DA:13,2
DA:18,1
DA:19,2
DA:20,2
DA:21,2
DA:22,2
DA:23,1
DA:26,1
DA:28,1
DA:29,1
DA:30,1
DA:37,0
DA:41,1
DA:42,2
DA:43,2
DA:44,2
DA:45,2
DA:46,1
DA:49,1
DA:50,1
DA:52,1
DA:59,0
DA:63,1
DA:64,2
DA:65,2
DA:66,0
DA:68,2
DA:69,2
DA:70,1
DA:71,1
DA:78,1
DA:82,1
DA:83,0
DA:91,1
DA:92,0
DA:94,0
DA:95,0
DA:102,0
DA:103,0
DA:104,0
DA:111,0
DA:121,1
DA:122,0
DA:125,1
DA:126,0
DA:131,1
LF:53
LH:40
BRDA:22,0,0,1
BRDA:22,0,1,1
BRDA:45,1,0,1
BRDA:45,1,1,1
BRDA:45,2,0,2
BRDA:45,2,1,1
BRDA:65,3,0,0
BRDA:65,3,1,2
BRDA:94,4,0,0
BRDA:94,4,1,0
BRDA:103,5,0,0
BRDA:103,5,1,0
BRF:12
BRH:7
end_of_record
TN:
SF:auth-services\src\model\authModel.js
FN:19,(anonymous_0)
FN:29,noName
FN:36,compareName
FNF:3
FNH:2
FNDA:1,(anonymous_0)
FNDA:1,noName
FNDA:0,compareName
DA:1,2
DA:2,2
DA:4,2
DA:20,1
DA:29,2
DA:30,1
DA:31,1
DA:32,1
DA:33,1
DA:36,2
DA:38,0
DA:41,2
DA:42,2
LF:13
LH:12
BRDA:30,0,0,0
BRDA:30,0,1,1
BRF:2
BRH:1
end_of_record
TN:
SF:auth-services\src\services\authservice.js
FN:3,(anonymous_0)
FN:7,(anonymous_1)
FNF:2
FNH:2
FNDA:1,(anonymous_0)
FNDA:1,(anonymous_1)
DA:1,2
DA:3,2
DA:5,1
DA:7,2
DA:8,1
DA:10,1
DA:13,2
LF:7
LH:7
BRF:0
BRH:0
end_of_record
TN:
SF:auth-services\src\utils\appError.js
FN:2,(anonymous_0)
FNF:1
FNH:1
FNDA:3,(anonymous_0)
DA:3,3
DA:4,3
DA:5,3
DA:6,3
DA:8,3
DA:12,1
LF:6
LH:6
BRDA:4,0,0,3
BRDA:4,0,1,0
BRF:2
BRH:1
end_of_record
TN:
SF:movie-service\src\controller\moviecontroller.js
FN:7,(anonymous_0)
FN:21,(anonymous_1)
FN:40,(anonymous_2)
FN:73,(anonymous_3)
FN:100,(anonymous_4)
FN:127,(anonymous_5)
FN:142,(anonymous_6)
FNF:7
FNH:5
FNDA:1,(anonymous_0)
FNDA:2,(anonymous_1)
FNDA:4,(anonymous_2)
FNDA:2,(anonymous_3)
FNDA:1,(anonymous_4)
FNDA:0,(anonymous_5)
FNDA:0,(anonymous_6)
DA:1,1
DA:2,1
DA:3,1
DA:4,1
DA:8,1
DA:9,1
DA:10,1
DA:17,0
DA:22,2
DA:23,2
DA:24,2
DA:25,1
DA:28,1
DA:29,1
DA:36,0
DA:41,4
DA:42,4
DA:44,4
DA:46,4
DA:47,3
DA:52,1
DA:58,3
DA:59,1
DA:62,2
DA:69,1
DA:74,2
DA:75,2
DA:77,2
DA:79,2
DA:80,1
DA:82,1
DA:85,2
DA:86,1
DA:89,1
DA:96,0
DA:101,1
DA:102,1
DA:104,1
DA:106,1
DA:107,0
DA:109,1
DA:112,1
DA:113,0
DA:116,1
DA:123,0
DA:128,0
DA:129,0
DA:130,0
DA:131,0
DA:133,0
DA:134,0
DA:135,0
DA:137,0
DA:139,0
DA:140,0
DA:142,0
DA:143,0
DA:144,0
DA:145,0
DA:146,0
DA:147,0
DA:148,0
DA:149,0
DA:151,0
DA:155,0
DA:157,0
DA:162,1
LF:67
LH:40
BRDA:24,0,0,1
BRDA:24,0,1,1
BRDA:46,1,0,3
BRDA:46,1,1,1
BRDA:58,2,0,1
BRDA:58,2,1,2
BRDA:79,3,0,1
BRDA:79,3,1,1
BRDA:85,4,0,1
BRDA:85,4,1,1
BRDA:106,5,0,0
BRDA:106,5,1,1
BRDA:112,6,0,0
BRDA:112,6,1,1
BRDA:130,7,0,0
BRDA:130,7,1,0
BRDA:130,8,0,0
BRDA:130,8,1,0
BRF:18
BRH:12
end_of_record
TN:
SF:movie-service\src\model\moviemodel.js
FNF:0
FNH:0
DA:1,2
DA:3,2
DA:22,2
DA:24,2
LF:4
LH:4
BRF:0
BRH:0
end_of_record
TN:
SF:movie-service\src\services\movieservice.js
FN:3,(anonymous_0)
FN:8,(anonymous_1)
FN:14,(anonymous_2)
FN:22,(anonymous_3)
FN:30,(anonymous_4)
FN:35,(anonymous_5)
FN:40,(anonymous_6)
FN:45,(anonymous_7)
FN:50,(anonymous_8)
FNF:9
FNH:7
FNDA:5,(anonymous_0)
FNDA:2,(anonymous_1)
FNDA:2,(anonymous_2)
FNDA:4,(anonymous_3)
FNDA:2,(anonymous_4)
FNDA:2,(anonymous_5)
FNDA:3,(anonymous_6)
FNDA:0,(anonymous_7)
FNDA:0,(anonymous_8)
DA:1,2
DA:3,2
DA:5,5
DA:8,2
DA:9,2
DA:11,2
DA:14,2
DA:16,2
DA:22,2
DA:24,4
DA:30,2
DA:32,2
DA:35,2
DA:37,2
DA:40,2
DA:42,3
DA:45,2
DA:47,0
DA:50,2
DA:52,0
DA:55,2
LF:21
LH:19
BRF:0
BRH:0
end_of_record
TN:
SF:movie-service\src\utils\appError.js
FN:2,(anonymous_0)
FNF:1
FNH:1
FNDA:4,(anonymous_0)
DA:3,4
DA:4,4
DA:5,4
DA:6,4
DA:8,4
DA:12,1
LF:6
LH:6
BRDA:4,0,0,4
BRDA:4,0,1,0
BRF:2
BRH:1
end_of_record
TN:
SF:sample-service\index.js
FN:9,(anonymous_0)
FN:14,(anonymous_1)
FNF:2
FNH:2
FNDA:1,(anonymous_0)
FNDA:1,(anonymous_1)
DA:1,1
DA:2,1
DA:3,1
DA:4,1
DA:6,1
DA:7,1
DA:9,1
DA:10,1
DA:11,1
DA:14,1
DA:15,1
DA:18,1
LF:12
LH:12
BRDA:7,0,0,1
BRDA:7,0,1,0
BRF:2
BRH:1
end_of_record
